#
# There is insufficient memory for the Java Runtime Environment to continue.
# Native memory allocation (malloc) failed to allocate 1048576 bytes for AllocateHeap
# Possible reasons:
#   The system is out of physical RAM or swap space
#   In 32 bit mode, the process size limit was hit
# Possible solutions:
#   Reduce memory load on the system
#   Increase physical memory or swap space
#   Check if swap backing store is full
#   Use 64 bit Java on a 64 bit OS
#   Decrease Java heap size (-Xmx/-Xms)
#   Decrease number of Java threads
#   Decrease Java thread stack sizes (-Xss)
#   Set larger code cache with -XX:ReservedCodeCacheSize=
# This output file may be truncated or incomplete.
#
#  Out of Memory Error (memory/allocation.inline.hpp:61), pid=17532, tid=0x0000000000003da4
#
# JRE version:  (8.0) (build )
# Java VM: OpenJDK 64-Bit Server VM (25.71-b00 mixed mode windows-amd64 compressed oops)
# Failed to write core dump. Minidumps are not enabled by default on client versions of Windows
#

---------------  T H R E A D  ---------------

Current thread (0x0000000000ffe000):  JavaThread "Unknown thread" [_thread_in_vm, id=15780, stack(0x0000000003080000,0x0000000003180000)]

Stack: [0x0000000003080000,0x0000000003180000]
[error occurred during error reporting (printing stack bounds), id 0xc0000005]

Native frames: (J=compiled Java code, j=interpreted, Vv=VM code, C=native code)


---------------  P R O C E S S  ---------------

Java Threads: ( => current thread )

Other Threads:

=>0x0000000000ffe000 (exited) JavaThread "Unknown thread" [_thread_in_vm, id=15780, stack(0x0000000003080000,0x0000000003180000)]

VM state:not at safepoint (normal execution)

VM Mutex/Monitor currently owned by a thread: None

Heap:
 PSYoungGen      total 75776K, used 1300K [0x000000076b580000, 0x0000000770a00000, 0x00000007c0000000)
  eden space 65024K, 2% used [0x000000076b580000,0x000000076b6c51f8,0x000000076f500000)
  from space 10752K, 0% used [0x000000076ff80000,0x000000076ff80000,0x0000000770a00000)
  to   space 10752K, 0% used [0x000000076f500000,0x000000076f500000,0x000000076ff80000)
 ParOldGen       total 173568K, used 0K [0x00000006c2000000, 0x00000006cc980000, 0x000000076b580000)
  object space 173568K, 0% used [0x00000006c2000000,0x00000006c2000000,0x00000006cc980000)
 Metaspace       used 777K, capacity 4480K, committed 4480K, reserved 1056768K
  class space    used 74K, capacity 384K, committed 384K, reserved 1048576K

Card table byte_map: [0x0000000012660000,0x0000000012e60000] byte_map_base: 0x000000000f050000

Marking Bits: (ParMarkBitMap*) 0x000000007054be50
 Begin Bits: [0x00000000137b0000, 0x0000000017730000)
 End Bits:   [0x0000000017730000, 0x000000001b6b0000)

Polling page: 0x0000000001830000

CodeCache: size=245760Kb used=328Kb max_used=328Kb free=245431Kb
 bounds [0x00000000032a0000, 0x0000000003510000, 0x00000000122a0000]
 total_blobs=57 nmethods=0 adapters=38
 compilation: enabled

Compilation events (0 events):
No events

GC Heap History (0 events):
No events

Deoptimization events (0 events):
No events

Classes redefined (0 events):
No events

Internal exceptions (0 events):
No events

Events (10 events):
Event: 0.019 loading class java/lang/Short
Event: 0.019 loading class java/lang/Short done
Event: 0.019 loading class java/lang/Integer
Event: 0.019 loading class java/lang/Integer done
Event: 0.019 loading class java/lang/Long
Event: 0.019 loading class java/lang/Long done
Event: 0.019 loading class java/lang/NullPointerException
Event: 0.019 loading class java/lang/NullPointerException done
Event: 0.019 loading class java/lang/ArithmeticException
Event: 0.019 loading class java/lang/ArithmeticException done


Dynamic libraries:
0x00007ff682550000 - 0x00007ff682585000 	C:\Program Files\Unity\Hub\Editor\2019.3.5f1\Editor\Data\PlaybackEngines\AndroidPlayer\OpenJDK\bin\java.exe
0x00007ffab2e30000 - 0x00007ffab3026000 	C:\WINDOWS\SYSTEM32\ntdll.dll
0x00007ffab1610000 - 0x00007ffab16cd000 	C:\WINDOWS\System32\KERNEL32.DLL
0x00007ffab0810000 - 0x00007ffab0ad9000 	C:\WINDOWS\System32\KERNELBASE.dll
0x00007ffab2720000 - 0x00007ffab27cc000 	C:\WINDOWS\System32\ADVAPI32.dll
0x00007ffab2b30000 - 0x00007ffab2bce000 	C:\WINDOWS\System32\msvcrt.dll
0x00007ffab1570000 - 0x00007ffab160c000 	C:\WINDOWS\System32\sechost.dll
0x00007ffab2290000 - 0x00007ffab23bb000 	C:\WINDOWS\System32\RPCRT4.dll
0x00007ffab2c50000 - 0x00007ffab2df0000 	C:\WINDOWS\System32\USER32.dll
0x00007ffab0b90000 - 0x00007ffab0bb2000 	C:\WINDOWS\System32\win32u.dll
0x00007ffab1400000 - 0x00007ffab142a000 	C:\WINDOWS\System32\GDI32.dll
0x00007ffab0d80000 - 0x00007ffab0e8b000 	C:\WINDOWS\System32\gdi32full.dll
0x00007ffab06c0000 - 0x00007ffab075d000 	C:\WINDOWS\System32\msvcp_win.dll
0x00007ffab0570000 - 0x00007ffab0670000 	C:\WINDOWS\System32\ucrtbase.dll
0x00007ffaafa00000 - 0x00007ffaafc9b000 	C:\WINDOWS\WinSxS\amd64_microsoft.windows.common-controls_6595b64144ccf1df_6.0.19041.746_none_ca02b4b61b8320a4\COMCTL32.dll
0x00007ffab23d0000 - 0x00007ffab2400000 	C:\WINDOWS\System32\IMM32.DLL
0x00000000705d0000 - 0x00000000706a2000 	C:\Program Files\Unity\Hub\Editor\2019.3.5f1\Editor\Data\PlaybackEngines\AndroidPlayer\OpenJDK\jre\bin\msvcr100.dll
0x000000006fd80000 - 0x00000000705c9000 	C:\Program Files\Unity\Hub\Editor\2019.3.5f1\Editor\Data\PlaybackEngines\AndroidPlayer\OpenJDK\jre\bin\server\jvm.dll
0x00007ffab23c0000 - 0x00007ffab23c8000 	C:\WINDOWS\System32\PSAPI.DLL
0x00007ffaa0870000 - 0x00007ffaa0897000 	C:\WINDOWS\SYSTEM32\WINMM.dll
0x00007ffa961e0000 - 0x00007ffa961e9000 	C:\WINDOWS\SYSTEM32\WSOCK32.dll
0x00007ffab2400000 - 0x00007ffab246b000 	C:\WINDOWS\System32\WS2_32.dll
0x00007ffaa7860000 - 0x00007ffaa786a000 	C:\WINDOWS\SYSTEM32\VERSION.dll
0x00007ffaab380000 - 0x00007ffaab38f000 	C:\Program Files\Unity\Hub\Editor\2019.3.5f1\Editor\Data\PlaybackEngines\AndroidPlayer\OpenJDK\jre\bin\verify.dll
0x00007ffaa9420000 - 0x00007ffaa9449000 	C:\Program Files\Unity\Hub\Editor\2019.3.5f1\Editor\Data\PlaybackEngines\AndroidPlayer\OpenJDK\jre\bin\java.dll
0x00007ffaa96a0000 - 0x00007ffaa96b6000 	C:\Program Files\Unity\Hub\Editor\2019.3.5f1\Editor\Data\PlaybackEngines\AndroidPlayer\OpenJDK\jre\bin\zip.dll

VM Arguments:
java_command: <unknown>
java_class_path (initial): .
Launcher Type: SUN_STANDARD

Environment Variables:
JAVA_HOME=C:/Program Files/Unity/Hub/Editor/2019.3.5f1/Editor/Data/PlaybackEngines/AndroidPlayer\OpenJDK
PATH=C:\Python27\;C:\Python27\Scripts;C:\ProgramData\Oracle\Java\javapath;C:\WINDOWS\system32;C:\WINDOWS;C:\WINDOWS\System32\Wbem;C:\WINDOWS\System32\WindowsPowerShell\v1.0\;C:\Program Files (x86)\GtkSharp\2.12\bin;C:\Program Files (x86)\Skype\Phone\;C:\WINDOWS\System32\OpenSSH\;C:\Program Files\Microsoft SQL Server\120\Tools\Binn\;C:\Program Files\Common Files\Autodesk Shared\;C:\Program Files\Microsoft SQL Server\Client SDK\ODBC\130\Tools\Binn\;C:\Program Files (x86)\Microsoft SQL Server\140\Tools\Binn\;C:\Program Files\Microsoft SQL Server\140\Tools\Binn\;C:\Program Files\Microsoft SQL Server\140\DTS\Binn\;C:\Program Files (x86)\Microsoft SQL Server\150\DTS\Binn\;C:\Program Files\dotnet\;C:\Program Files\Microsoft SQL Server\130\Tools\Binn\;C:\Program Files\;C:\ProgramData\chocolatey\bin;C:\Program Files\NVIDIA Corporation\NVIDIA NvDLISR;C:\Program Files (x86)\NVIDIA Corporation\PhysX\Common;C:\WINDOWS\system32;C:\WINDOWS;C:\WINDOWS\System32\Wbem;C:\WINDOWS\System32\WindowsPowerShell\v1.0\;C:\WINDOWS\System32\OpenSSH\;C:\Program Files (x86)\AOMEI\AOMEI Backupper 6.1.0;C:\Program Files\TortoiseSVN\bin;C:\Program Files\TortoiseGit\bin;C:\Program Files\Git\cmd;C:\Program Files\Git LFS;C:\Users\User\AppData\Local\ValidatorBuddy;C:\Users\User\AppData\Local\Microsoft\WindowsApps;C:\Users\User\.dotnet\tools;C:\Users\User\AppData\Local\Microsoft\WindowsApps;C:\Users\User\AppData\Roaming\npm;D:\Microsoft VS Code\bin;C:\Program Files (x86)\EaseUS\Todo Backup\bin\x64\
USERNAME=User
OS=Windows_NT
PROCESSOR_IDENTIFIER=Intel64 Family 6 Model 158 Stepping 9, GenuineIntel



---------------  S Y S T E M  ---------------

OS: Windows 10.0 , 64 bit Build 19041 (10.0.19041.662)

CPU:total 4 (initial active 4) (4 cores per cpu, 1 threads per core) family 6 model 158 stepping 9, cmov, cx8, fxsr, mmx, sse, sse2, sse3, ssse3, sse4.1, sse4.2, popcnt, avx, avx2, aes, clmul, erms, 3dnowpref, lzcnt, tsc, tscinvbit, bmi1, bmi2, adx

Memory: 4k page, physical 16640468k(6531284k free), swap 19712468k(5860k free)

vm_info: OpenJDK 64-Bit Server VM (25.71-b00) for windows-amd64 JRE (1.8.0-adoptopenjdk-_2018_05_19_00_59-b00), built on May 19 2018 01:02:12 by "jenkins" with MS VC++ 10.0 (VS2010)

time: Mon Feb 01 13:04:54 2021
elapsed time: 0 seconds (0d 0h 0m 0s)

